<?xml version="1.0" encoding="UTF-8"?>
<testsuite xmlns:xsi="http://www.w3.org/2001/XMLSchema-instance" xsi:noNamespaceSchemaLocation="https://maven.apache.org/surefire/maven-surefire-plugin/xsd/surefire-test-report.xsd" name="com.ydl.examantion.ExamantionApplicationTests" time="4.794" tests="1" errors="0" skipped="0" failures="0">
  <properties>
    <property name="sun.desktop" value="windows"/>
    <property name="awt.toolkit" value="sun.awt.windows.WToolkit"/>
    <property name="file.encoding.pkg" value="sun.io"/>
    <property name="java.specification.version" value="1.8"/>
    <property name="sun.cpu.isalist" value="amd64"/>
    <property name="sun.jnu.encoding" value="GBK"/>
    <property name="java.class.path" value="F:\Projects\exam\examantion\target\test-classes;F:\Projects\exam\examantion\target\classes;F:\Mavenreposity\org\springframework\boot\spring-boot-starter-web\2.2.2.RELEASE\spring-boot-starter-web-2.2.2.RELEASE.jar;F:\Mavenreposity\org\springframework\boot\spring-boot-starter\2.2.2.RELEASE\spring-boot-starter-2.2.2.RELEASE.jar;F:\Mavenreposity\org\springframework\boot\spring-boot\2.2.2.RELEASE\spring-boot-2.2.2.RELEASE.jar;F:\Mavenreposity\org\springframework\boot\spring-boot-starter-logging\2.2.2.RELEASE\spring-boot-starter-logging-2.2.2.RELEASE.jar;F:\Mavenreposity\ch\qos\logback\logback-classic\1.2.3\logback-classic-1.2.3.jar;F:\Mavenreposity\ch\qos\logback\logback-core\1.2.3\logback-core-1.2.3.jar;F:\Mavenreposity\org\apache\logging\log4j\log4j-to-slf4j\2.12.1\log4j-to-slf4j-2.12.1.jar;F:\Mavenreposity\org\apache\logging\log4j\log4j-api\2.12.1\log4j-api-2.12.1.jar;F:\Mavenreposity\org\slf4j\jul-to-slf4j\1.7.29\jul-to-slf4j-1.7.29.jar;F:\Mavenreposity\jakarta\annotation\jakarta.annotation-api\1.3.5\jakarta.annotation-api-1.3.5.jar;F:\Mavenreposity\org\yaml\snakeyaml\1.25\snakeyaml-1.25.jar;F:\Mavenreposity\org\springframework\boot\spring-boot-starter-json\2.2.2.RELEASE\spring-boot-starter-json-2.2.2.RELEASE.jar;F:\Mavenreposity\com\fasterxml\jackson\core\jackson-databind\2.10.1\jackson-databind-2.10.1.jar;F:\Mavenreposity\com\fasterxml\jackson\core\jackson-core\2.10.1\jackson-core-2.10.1.jar;F:\Mavenreposity\com\fasterxml\jackson\datatype\jackson-datatype-jdk8\2.10.1\jackson-datatype-jdk8-2.10.1.jar;F:\Mavenreposity\com\fasterxml\jackson\datatype\jackson-datatype-jsr310\2.10.1\jackson-datatype-jsr310-2.10.1.jar;F:\Mavenreposity\com\fasterxml\jackson\module\jackson-module-parameter-names\2.10.1\jackson-module-parameter-names-2.10.1.jar;F:\Mavenreposity\org\springframework\boot\spring-boot-starter-tomcat\2.2.2.RELEASE\spring-boot-starter-tomcat-2.2.2.RELEASE.jar;F:\Mavenreposity\org\apache\tomcat\embed\tomcat-embed-core\9.0.29\tomcat-embed-core-9.0.29.jar;F:\Mavenreposity\org\apache\tomcat\embed\tomcat-embed-el\9.0.29\tomcat-embed-el-9.0.29.jar;F:\Mavenreposity\org\apache\tomcat\embed\tomcat-embed-websocket\9.0.29\tomcat-embed-websocket-9.0.29.jar;F:\Mavenreposity\org\springframework\boot\spring-boot-starter-validation\2.2.2.RELEASE\spring-boot-starter-validation-2.2.2.RELEASE.jar;F:\Mavenreposity\jakarta\validation\jakarta.validation-api\2.0.1\jakarta.validation-api-2.0.1.jar;F:\Mavenreposity\org\hibernate\validator\hibernate-validator\6.0.18.Final\hibernate-validator-6.0.18.Final.jar;F:\Mavenreposity\org\jboss\logging\jboss-logging\3.4.1.Final\jboss-logging-3.4.1.Final.jar;F:\Mavenreposity\org\springframework\spring-web\5.2.2.RELEASE\spring-web-5.2.2.RELEASE.jar;F:\Mavenreposity\org\springframework\spring-beans\5.2.2.RELEASE\spring-beans-5.2.2.RELEASE.jar;F:\Mavenreposity\org\springframework\spring-webmvc\5.2.2.RELEASE\spring-webmvc-5.2.2.RELEASE.jar;F:\Mavenreposity\org\springframework\spring-aop\5.2.2.RELEASE\spring-aop-5.2.2.RELEASE.jar;F:\Mavenreposity\org\springframework\spring-context\5.2.2.RELEASE\spring-context-5.2.2.RELEASE.jar;F:\Mavenreposity\org\springframework\spring-expression\5.2.2.RELEASE\spring-expression-5.2.2.RELEASE.jar;F:\Mavenreposity\org\projectlombok\lombok\1.18.10\lombok-1.18.10.jar;F:\Mavenreposity\org\springframework\boot\spring-boot-starter-test\2.2.2.RELEASE\spring-boot-starter-test-2.2.2.RELEASE.jar;F:\Mavenreposity\org\springframework\boot\spring-boot-test\2.2.2.RELEASE\spring-boot-test-2.2.2.RELEASE.jar;F:\Mavenreposity\org\springframework\boot\spring-boot-test-autoconfigure\2.2.2.RELEASE\spring-boot-test-autoconfigure-2.2.2.RELEASE.jar;F:\Mavenreposity\com\jayway\jsonpath\json-path\2.4.0\json-path-2.4.0.jar;F:\Mavenreposity\net\minidev\json-smart\2.3\json-smart-2.3.jar;F:\Mavenreposity\net\minidev\accessors-smart\1.2\accessors-smart-1.2.jar;F:\Mavenreposity\org\ow2\asm\asm\5.0.4\asm-5.0.4.jar;F:\Mavenreposity\jakarta\xml\bind\jakarta.xml.bind-api\2.3.2\jakarta.xml.bind-api-2.3.2.jar;F:\Mavenreposity\jakarta\activation\jakarta.activation-api\1.2.1\jakarta.activation-api-1.2.1.jar;F:\Mavenreposity\org\junit\jupiter\junit-jupiter\5.5.2\junit-jupiter-5.5.2.jar;F:\Mavenreposity\org\junit\jupiter\junit-jupiter-api\5.5.2\junit-jupiter-api-5.5.2.jar;F:\Mavenreposity\org\opentest4j\opentest4j\1.2.0\opentest4j-1.2.0.jar;F:\Mavenreposity\org\junit\platform\junit-platform-commons\1.5.2\junit-platform-commons-1.5.2.jar;F:\Mavenreposity\org\junit\jupiter\junit-jupiter-params\5.5.2\junit-jupiter-params-5.5.2.jar;F:\Mavenreposity\org\junit\jupiter\junit-jupiter-engine\5.5.2\junit-jupiter-engine-5.5.2.jar;F:\Mavenreposity\org\junit\vintage\junit-vintage-engine\5.5.2\junit-vintage-engine-5.5.2.jar;F:\Mavenreposity\org\apiguardian\apiguardian-api\1.1.0\apiguardian-api-1.1.0.jar;F:\Mavenreposity\org\junit\platform\junit-platform-engine\1.5.2\junit-platform-engine-1.5.2.jar;F:\Mavenreposity\org\mockito\mockito-junit-jupiter\3.1.0\mockito-junit-jupiter-3.1.0.jar;F:\Mavenreposity\org\assertj\assertj-core\3.13.2\assertj-core-3.13.2.jar;F:\Mavenreposity\org\hamcrest\hamcrest\2.1\hamcrest-2.1.jar;F:\Mavenreposity\org\mockito\mockito-core\3.1.0\mockito-core-3.1.0.jar;F:\Mavenreposity\net\bytebuddy\byte-buddy\1.10.4\byte-buddy-1.10.4.jar;F:\Mavenreposity\net\bytebuddy\byte-buddy-agent\1.10.4\byte-buddy-agent-1.10.4.jar;F:\Mavenreposity\org\objenesis\objenesis\2.6\objenesis-2.6.jar;F:\Mavenreposity\org\skyscreamer\jsonassert\1.5.0\jsonassert-1.5.0.jar;F:\Mavenreposity\com\vaadin\external\google\android-json\0.0.20131108.vaadin1\android-json-0.0.20131108.vaadin1.jar;F:\Mavenreposity\org\springframework\spring-core\5.2.2.RELEASE\spring-core-5.2.2.RELEASE.jar;F:\Mavenreposity\org\springframework\spring-jcl\5.2.2.RELEASE\spring-jcl-5.2.2.RELEASE.jar;F:\Mavenreposity\org\springframework\spring-test\5.2.2.RELEASE\spring-test-5.2.2.RELEASE.jar;F:\Mavenreposity\org\xmlunit\xmlunit-core\2.6.3\xmlunit-core-2.6.3.jar;F:\Mavenreposity\io\springfox\springfox-swagger2\2.9.2\springfox-swagger2-2.9.2.jar;F:\Mavenreposity\io\swagger\swagger-annotations\1.5.20\swagger-annotations-1.5.20.jar;F:\Mavenreposity\io\swagger\swagger-models\1.5.20\swagger-models-1.5.20.jar;F:\Mavenreposity\com\fasterxml\jackson\core\jackson-annotations\2.10.1\jackson-annotations-2.10.1.jar;F:\Mavenreposity\io\springfox\springfox-spi\2.9.2\springfox-spi-2.9.2.jar;F:\Mavenreposity\io\springfox\springfox-core\2.9.2\springfox-core-2.9.2.jar;F:\Mavenreposity\io\springfox\springfox-schema\2.9.2\springfox-schema-2.9.2.jar;F:\Mavenreposity\io\springfox\springfox-swagger-common\2.9.2\springfox-swagger-common-2.9.2.jar;F:\Mavenreposity\io\springfox\springfox-spring-web\2.9.2\springfox-spring-web-2.9.2.jar;F:\Mavenreposity\com\google\guava\guava\20.0\guava-20.0.jar;F:\Mavenreposity\com\fasterxml\classmate\1.5.1\classmate-1.5.1.jar;F:\Mavenreposity\org\slf4j\slf4j-api\1.7.29\slf4j-api-1.7.29.jar;F:\Mavenreposity\org\springframework\plugin\spring-plugin-core\1.2.0.RELEASE\spring-plugin-core-1.2.0.RELEASE.jar;F:\Mavenreposity\org\springframework\plugin\spring-plugin-metadata\1.2.0.RELEASE\spring-plugin-metadata-1.2.0.RELEASE.jar;F:\Mavenreposity\org\mapstruct\mapstruct\1.2.0.Final\mapstruct-1.2.0.Final.jar;F:\Mavenreposity\io\springfox\springfox-swagger-ui\2.9.2\springfox-swagger-ui-2.9.2.jar;F:\Mavenreposity\com\baomidou\mybatis-plus-boot-starter\3.3.2\mybatis-plus-boot-starter-3.3.2.jar;F:\Mavenreposity\com\baomidou\mybatis-plus\3.3.2\mybatis-plus-3.3.2.jar;F:\Mavenreposity\com\baomidou\mybatis-plus-extension\3.3.2\mybatis-plus-extension-3.3.2.jar;F:\Mavenreposity\com\baomidou\mybatis-plus-core\3.3.2\mybatis-plus-core-3.3.2.jar;F:\Mavenreposity\com\baomidou\mybatis-plus-annotation\3.3.2\mybatis-plus-annotation-3.3.2.jar;F:\Mavenreposity\com\github\jsqlparser\jsqlparser\3.1\jsqlparser-3.1.jar;F:\Mavenreposity\org\mybatis\mybatis\3.5.4\mybatis-3.5.4.jar;F:\Mavenreposity\org\mybatis\mybatis-spring\2.0.4\mybatis-spring-2.0.4.jar;F:\Mavenreposity\org\springframework\boot\spring-boot-autoconfigure\2.2.2.RELEASE\spring-boot-autoconfigure-2.2.2.RELEASE.jar;F:\Mavenreposity\org\springframework\boot\spring-boot-starter-jdbc\2.2.2.RELEASE\spring-boot-starter-jdbc-2.2.2.RELEASE.jar;F:\Mavenreposity\com\zaxxer\HikariCP\3.4.1\HikariCP-3.4.1.jar;F:\Mavenreposity\org\springframework\spring-jdbc\5.2.2.RELEASE\spring-jdbc-5.2.2.RELEASE.jar;F:\Mavenreposity\org\springframework\spring-tx\5.2.2.RELEASE\spring-tx-5.2.2.RELEASE.jar;F:\Mavenreposity\mysql\mysql-connector-java\8.0.18\mysql-connector-java-8.0.18.jar;F:\Mavenreposity\com\alibaba\druid-spring-boot-starter\1.1.21\druid-spring-boot-starter-1.1.21.jar;F:\Mavenreposity\com\alibaba\druid\1.1.21\druid-1.1.21.jar;F:\Mavenreposity\org\apache\commons\commons-lang3\3.10\commons-lang3-3.10.jar;F:\Mavenreposity\junit\junit\4.12\junit-4.12.jar;F:\Mavenreposity\org\hamcrest\hamcrest-core\2.1\hamcrest-core-2.1.jar;F:\Mavenreposity\log4j\log4j\1.2.17\log4j-1.2.17.jar;F:\Mavenreposity\org\apache\axis\axis\1.4\axis-1.4.jar;F:\Mavenreposity\com\github\penggle\kaptcha\2.3.2\kaptcha-2.3.2.jar;F:\Mavenreposity\javax\servlet\javax.servlet-api\4.0.1\javax.servlet-api-4.0.1.jar;F:\Mavenreposity\com\jhlabs\filters\2.0.235-1\filters-2.0.235-1.jar;"/>
    <property name="java.vm.vendor" value="Oracle Corporation"/>
    <property name="sun.arch.data.model" value="64"/>
    <property name="user.variant" value=""/>
    <property name="java.vendor.url" value="http://java.oracle.com/"/>
    <property name="user.timezone" value="Asia/Shanghai"/>
    <property name="java.vm.specification.version" value="1.8"/>
    <property name="os.name" value="Windows 10"/>
    <property name="user.country" value="CN"/>
    <property name="sun.java.launcher" value="SUN_STANDARD"/>
    <property name="sun.boot.library.path" value="E:\jdk\jre\bin"/>
    <property name="sun.java.command" value="C:\WINDOWS\TEMP\surefire857342206511994505\surefirebooter8889803090988020223.jar C:\Windows\Temp\surefire857342206511994505 2021-03-16T16-05-29_843-jvmRun1 surefire1020191856509186932tmp surefire_03052793023123224149tmp"/>
    <property name="surefire.test.class.path" value="F:\Projects\exam\examantion\target\test-classes;F:\Projects\exam\examantion\target\classes;F:\Mavenreposity\org\springframework\boot\spring-boot-starter-web\2.2.2.RELEASE\spring-boot-starter-web-2.2.2.RELEASE.jar;F:\Mavenreposity\org\springframework\boot\spring-boot-starter\2.2.2.RELEASE\spring-boot-starter-2.2.2.RELEASE.jar;F:\Mavenreposity\org\springframework\boot\spring-boot\2.2.2.RELEASE\spring-boot-2.2.2.RELEASE.jar;F:\Mavenreposity\org\springframework\boot\spring-boot-starter-logging\2.2.2.RELEASE\spring-boot-starter-logging-2.2.2.RELEASE.jar;F:\Mavenreposity\ch\qos\logback\logback-classic\1.2.3\logback-classic-1.2.3.jar;F:\Mavenreposity\ch\qos\logback\logback-core\1.2.3\logback-core-1.2.3.jar;F:\Mavenreposity\org\apache\logging\log4j\log4j-to-slf4j\2.12.1\log4j-to-slf4j-2.12.1.jar;F:\Mavenreposity\org\apache\logging\log4j\log4j-api\2.12.1\log4j-api-2.12.1.jar;F:\Mavenreposity\org\slf4j\jul-to-slf4j\1.7.29\jul-to-slf4j-1.7.29.jar;F:\Mavenreposity\jakarta\annotation\jakarta.annotation-api\1.3.5\jakarta.annotation-api-1.3.5.jar;F:\Mavenreposity\org\yaml\snakeyaml\1.25\snakeyaml-1.25.jar;F:\Mavenreposity\org\springframework\boot\spring-boot-starter-json\2.2.2.RELEASE\spring-boot-starter-json-2.2.2.RELEASE.jar;F:\Mavenreposity\com\fasterxml\jackson\core\jackson-databind\2.10.1\jackson-databind-2.10.1.jar;F:\Mavenreposity\com\fasterxml\jackson\core\jackson-core\2.10.1\jackson-core-2.10.1.jar;F:\Mavenreposity\com\fasterxml\jackson\datatype\jackson-datatype-jdk8\2.10.1\jackson-datatype-jdk8-2.10.1.jar;F:\Mavenreposity\com\fasterxml\jackson\datatype\jackson-datatype-jsr310\2.10.1\jackson-datatype-jsr310-2.10.1.jar;F:\Mavenreposity\com\fasterxml\jackson\module\jackson-module-parameter-names\2.10.1\jackson-module-parameter-names-2.10.1.jar;F:\Mavenreposity\org\springframework\boot\spring-boot-starter-tomcat\2.2.2.RELEASE\spring-boot-starter-tomcat-2.2.2.RELEASE.jar;F:\Mavenreposity\org\apache\tomcat\embed\tomcat-embed-core\9.0.29\tomcat-embed-core-9.0.29.jar;F:\Mavenreposity\org\apache\tomcat\embed\tomcat-embed-el\9.0.29\tomcat-embed-el-9.0.29.jar;F:\Mavenreposity\org\apache\tomcat\embed\tomcat-embed-websocket\9.0.29\tomcat-embed-websocket-9.0.29.jar;F:\Mavenreposity\org\springframework\boot\spring-boot-starter-validation\2.2.2.RELEASE\spring-boot-starter-validation-2.2.2.RELEASE.jar;F:\Mavenreposity\jakarta\validation\jakarta.validation-api\2.0.1\jakarta.validation-api-2.0.1.jar;F:\Mavenreposity\org\hibernate\validator\hibernate-validator\6.0.18.Final\hibernate-validator-6.0.18.Final.jar;F:\Mavenreposity\org\jboss\logging\jboss-logging\3.4.1.Final\jboss-logging-3.4.1.Final.jar;F:\Mavenreposity\org\springframework\spring-web\5.2.2.RELEASE\spring-web-5.2.2.RELEASE.jar;F:\Mavenreposity\org\springframework\spring-beans\5.2.2.RELEASE\spring-beans-5.2.2.RELEASE.jar;F:\Mavenreposity\org\springframework\spring-webmvc\5.2.2.RELEASE\spring-webmvc-5.2.2.RELEASE.jar;F:\Mavenreposity\org\springframework\spring-aop\5.2.2.RELEASE\spring-aop-5.2.2.RELEASE.jar;F:\Mavenreposity\org\springframework\spring-context\5.2.2.RELEASE\spring-context-5.2.2.RELEASE.jar;F:\Mavenreposity\org\springframework\spring-expression\5.2.2.RELEASE\spring-expression-5.2.2.RELEASE.jar;F:\Mavenreposity\org\projectlombok\lombok\1.18.10\lombok-1.18.10.jar;F:\Mavenreposity\org\springframework\boot\spring-boot-starter-test\2.2.2.RELEASE\spring-boot-starter-test-2.2.2.RELEASE.jar;F:\Mavenreposity\org\springframework\boot\spring-boot-test\2.2.2.RELEASE\spring-boot-test-2.2.2.RELEASE.jar;F:\Mavenreposity\org\springframework\boot\spring-boot-test-autoconfigure\2.2.2.RELEASE\spring-boot-test-autoconfigure-2.2.2.RELEASE.jar;F:\Mavenreposity\com\jayway\jsonpath\json-path\2.4.0\json-path-2.4.0.jar;F:\Mavenreposity\net\minidev\json-smart\2.3\json-smart-2.3.jar;F:\Mavenreposity\net\minidev\accessors-smart\1.2\accessors-smart-1.2.jar;F:\Mavenreposity\org\ow2\asm\asm\5.0.4\asm-5.0.4.jar;F:\Mavenreposity\jakarta\xml\bind\jakarta.xml.bind-api\2.3.2\jakarta.xml.bind-api-2.3.2.jar;F:\Mavenreposity\jakarta\activation\jakarta.activation-api\1.2.1\jakarta.activation-api-1.2.1.jar;F:\Mavenreposity\org\junit\jupiter\junit-jupiter\5.5.2\junit-jupiter-5.5.2.jar;F:\Mavenreposity\org\junit\jupiter\junit-jupiter-api\5.5.2\junit-jupiter-api-5.5.2.jar;F:\Mavenreposity\org\opentest4j\opentest4j\1.2.0\opentest4j-1.2.0.jar;F:\Mavenreposity\org\junit\platform\junit-platform-commons\1.5.2\junit-platform-commons-1.5.2.jar;F:\Mavenreposity\org\junit\jupiter\junit-jupiter-params\5.5.2\junit-jupiter-params-5.5.2.jar;F:\Mavenreposity\org\junit\jupiter\junit-jupiter-engine\5.5.2\junit-jupiter-engine-5.5.2.jar;F:\Mavenreposity\org\junit\vintage\junit-vintage-engine\5.5.2\junit-vintage-engine-5.5.2.jar;F:\Mavenreposity\org\apiguardian\apiguardian-api\1.1.0\apiguardian-api-1.1.0.jar;F:\Mavenreposity\org\junit\platform\junit-platform-engine\1.5.2\junit-platform-engine-1.5.2.jar;F:\Mavenreposity\org\mockito\mockito-junit-jupiter\3.1.0\mockito-junit-jupiter-3.1.0.jar;F:\Mavenreposity\org\assertj\assertj-core\3.13.2\assertj-core-3.13.2.jar;F:\Mavenreposity\org\hamcrest\hamcrest\2.1\hamcrest-2.1.jar;F:\Mavenreposity\org\mockito\mockito-core\3.1.0\mockito-core-3.1.0.jar;F:\Mavenreposity\net\bytebuddy\byte-buddy\1.10.4\byte-buddy-1.10.4.jar;F:\Mavenreposity\net\bytebuddy\byte-buddy-agent\1.10.4\byte-buddy-agent-1.10.4.jar;F:\Mavenreposity\org\objenesis\objenesis\2.6\objenesis-2.6.jar;F:\Mavenreposity\org\skyscreamer\jsonassert\1.5.0\jsonassert-1.5.0.jar;F:\Mavenreposity\com\vaadin\external\google\android-json\0.0.20131108.vaadin1\android-json-0.0.20131108.vaadin1.jar;F:\Mavenreposity\org\springframework\spring-core\5.2.2.RELEASE\spring-core-5.2.2.RELEASE.jar;F:\Mavenreposity\org\springframework\spring-jcl\5.2.2.RELEASE\spring-jcl-5.2.2.RELEASE.jar;F:\Mavenreposity\org\springframework\spring-test\5.2.2.RELEASE\spring-test-5.2.2.RELEASE.jar;F:\Mavenreposity\org\xmlunit\xmlunit-core\2.6.3\xmlunit-core-2.6.3.jar;F:\Mavenreposity\io\springfox\springfox-swagger2\2.9.2\springfox-swagger2-2.9.2.jar;F:\Mavenreposity\io\swagger\swagger-annotations\1.5.20\swagger-annotations-1.5.20.jar;F:\Mavenreposity\io\swagger\swagger-models\1.5.20\swagger-models-1.5.20.jar;F:\Mavenreposity\com\fasterxml\jackson\core\jackson-annotations\2.10.1\jackson-annotations-2.10.1.jar;F:\Mavenreposity\io\springfox\springfox-spi\2.9.2\springfox-spi-2.9.2.jar;F:\Mavenreposity\io\springfox\springfox-core\2.9.2\springfox-core-2.9.2.jar;F:\Mavenreposity\io\springfox\springfox-schema\2.9.2\springfox-schema-2.9.2.jar;F:\Mavenreposity\io\springfox\springfox-swagger-common\2.9.2\springfox-swagger-common-2.9.2.jar;F:\Mavenreposity\io\springfox\springfox-spring-web\2.9.2\springfox-spring-web-2.9.2.jar;F:\Mavenreposity\com\google\guava\guava\20.0\guava-20.0.jar;F:\Mavenreposity\com\fasterxml\classmate\1.5.1\classmate-1.5.1.jar;F:\Mavenreposity\org\slf4j\slf4j-api\1.7.29\slf4j-api-1.7.29.jar;F:\Mavenreposity\org\springframework\plugin\spring-plugin-core\1.2.0.RELEASE\spring-plugin-core-1.2.0.RELEASE.jar;F:\Mavenreposity\org\springframework\plugin\spring-plugin-metadata\1.2.0.RELEASE\spring-plugin-metadata-1.2.0.RELEASE.jar;F:\Mavenreposity\org\mapstruct\mapstruct\1.2.0.Final\mapstruct-1.2.0.Final.jar;F:\Mavenreposity\io\springfox\springfox-swagger-ui\2.9.2\springfox-swagger-ui-2.9.2.jar;F:\Mavenreposity\com\baomidou\mybatis-plus-boot-starter\3.3.2\mybatis-plus-boot-starter-3.3.2.jar;F:\Mavenreposity\com\baomidou\mybatis-plus\3.3.2\mybatis-plus-3.3.2.jar;F:\Mavenreposity\com\baomidou\mybatis-plus-extension\3.3.2\mybatis-plus-extension-3.3.2.jar;F:\Mavenreposity\com\baomidou\mybatis-plus-core\3.3.2\mybatis-plus-core-3.3.2.jar;F:\Mavenreposity\com\baomidou\mybatis-plus-annotation\3.3.2\mybatis-plus-annotation-3.3.2.jar;F:\Mavenreposity\com\github\jsqlparser\jsqlparser\3.1\jsqlparser-3.1.jar;F:\Mavenreposity\org\mybatis\mybatis\3.5.4\mybatis-3.5.4.jar;F:\Mavenreposity\org\mybatis\mybatis-spring\2.0.4\mybatis-spring-2.0.4.jar;F:\Mavenreposity\org\springframework\boot\spring-boot-autoconfigure\2.2.2.RELEASE\spring-boot-autoconfigure-2.2.2.RELEASE.jar;F:\Mavenreposity\org\springframework\boot\spring-boot-starter-jdbc\2.2.2.RELEASE\spring-boot-starter-jdbc-2.2.2.RELEASE.jar;F:\Mavenreposity\com\zaxxer\HikariCP\3.4.1\HikariCP-3.4.1.jar;F:\Mavenreposity\org\springframework\spring-jdbc\5.2.2.RELEASE\spring-jdbc-5.2.2.RELEASE.jar;F:\Mavenreposity\org\springframework\spring-tx\5.2.2.RELEASE\spring-tx-5.2.2.RELEASE.jar;F:\Mavenreposity\mysql\mysql-connector-java\8.0.18\mysql-connector-java-8.0.18.jar;F:\Mavenreposity\com\alibaba\druid-spring-boot-starter\1.1.21\druid-spring-boot-starter-1.1.21.jar;F:\Mavenreposity\com\alibaba\druid\1.1.21\druid-1.1.21.jar;F:\Mavenreposity\org\apache\commons\commons-lang3\3.10\commons-lang3-3.10.jar;F:\Mavenreposity\junit\junit\4.12\junit-4.12.jar;F:\Mavenreposity\org\hamcrest\hamcrest-core\2.1\hamcrest-core-2.1.jar;F:\Mavenreposity\log4j\log4j\1.2.17\log4j-1.2.17.jar;F:\Mavenreposity\org\apache\axis\axis\1.4\axis-1.4.jar;F:\Mavenreposity\com\github\penggle\kaptcha\2.3.2\kaptcha-2.3.2.jar;F:\Mavenreposity\javax\servlet\javax.servlet-api\4.0.1\javax.servlet-api-4.0.1.jar;F:\Mavenreposity\com\jhlabs\filters\2.0.235-1\filters-2.0.235-1.jar;"/>
    <property name="sun.cpu.endian" value="little"/>
    <property name="user.home" value="C:\Users\鱼000"/>
    <property name="user.language" value="zh"/>
    <property name="java.specification.vendor" value="Oracle Corporation"/>
    <property name="java.home" value="E:\jdk\jre"/>
    <property name="basedir" value="F:\Projects\exam\examantion"/>
    <property name="file.separator" value="\"/>
    <property name="line.separator" value="&#10;"/>
    <property name="java.vm.specification.vendor" value="Oracle Corporation"/>
    <property name="java.specification.name" value="Java Platform API Specification"/>
    <property name="java.awt.graphicsenv" value="sun.awt.Win32GraphicsEnvironment"/>
    <property name="surefire.real.class.path" value="C:\WINDOWS\TEMP\surefire857342206511994505\surefirebooter8889803090988020223.jar"/>
    <property name="sun.boot.class.path" value="E:\jdk\jre\lib\resources.jar;E:\jdk\jre\lib\rt.jar;E:\jdk\jre\lib\sunrsasign.jar;E:\jdk\jre\lib\jsse.jar;E:\jdk\jre\lib\jce.jar;E:\jdk\jre\lib\charsets.jar;E:\jdk\jre\lib\jfr.jar;E:\jdk\jre\classes"/>
    <property name="user.script" value=""/>
    <property name="sun.management.compiler" value="HotSpot 64-Bit Tiered Compilers"/>
    <property name="java.runtime.version" value="1.8.0_171-b11"/>
    <property name="user.name" value="小本"/>
    <property name="path.separator" value=";"/>
    <property name="os.version" value="10.0"/>
    <property name="java.endorsed.dirs" value="E:\jdk\jre\lib\endorsed"/>
    <property name="java.runtime.name" value="Java(TM) SE Runtime Environment"/>
    <property name="file.encoding" value="GBK"/>
    <property name="java.vm.name" value="Java HotSpot(TM) 64-Bit Server VM"/>
    <property name="localRepository" value="F:\Mavenreposity"/>
    <property name="java.vendor.url.bug" value="http://bugreport.sun.com/bugreport/"/>
    <property name="java.io.tmpdir" value="C:\WINDOWS\TEMP\"/>
    <property name="idea.version" value="2018.1.6"/>
    <property name="java.version" value="1.8.0_171"/>
    <property name="user.dir" value="F:\Projects\exam\examantion"/>
    <property name="os.arch" value="amd64"/>
    <property name="java.vm.specification.name" value="Java Virtual Machine Specification"/>
    <property name="java.awt.printerjob" value="sun.awt.windows.WPrinterJob"/>
    <property name="sun.os.patch.level" value=""/>
    <property name="java.library.path" value="E:\jdk\jre\bin;C:\WINDOWS\Sun\Java\bin;C:\WINDOWS\system32;C:\WINDOWS;C:\Windows\System32;C:\Users\Default\AppData\Roaming\Microsoft\nvm;C:\Program Files\nodejs;E:\nodeJS\;C:\jdk-14.0.1\bin;E:\apache-maven-3.6.3\bin;C:\Users\鱼000\AppData\Local\Microsoft\WindowsApps;E:\新建文件夹\Microsoft VS Code\bin;C:\Users\Default\AppData\Roaming\Microsoft\nvm;C:\Program Files\nodejs;C:\Users\鱼000\AppData\Roaming\npm;."/>
    <property name="java.vm.info" value="mixed mode"/>
    <property name="java.vendor" value="Oracle Corporation"/>
    <property name="java.vm.version" value="25.171-b11"/>
    <property name="java.ext.dirs" value="E:\jdk\jre\lib\ext;C:\WINDOWS\Sun\Java\lib\ext"/>
    <property name="sun.io.unicode.encoding" value="UnicodeLittle"/>
    <property name="maven.repo.local" value="F:\Mavenreposity"/>
    <property name="java.class.version" value="52.0"/>
  </properties>
  <testcase name="contextLoads" classname="com.ydl.examantion.ExamantionApplicationTests" time="0.26"/>
</testsuite>